The system is: Windows - 10.0.19042 - AMD64
Compiling the C compiler identification source file "CMakeCCompilerId.c" succeeded.
Compiler: C:/Program Files (x86)/Microsoft Visual Studio/2019/Community/VC/Tools/MSVC/14.28.29910/bin/Hostx86/x86/cl.exe 
Build flags: 
Id flags:  

The output was:
0
Microsoft (R) C/C++ Optimizing Compiler Version 19.28.29915 for x86
Copyright (C) Microsoft Corporation.  All rights reserved.

CMakeCCompilerId.c
Microsoft (R) Incremental Linker Version 14.28.29915.0
Copyright (C) Microsoft Corporation.  All rights reserved.

/out:CMakeCCompilerId.exe 
CMakeCCompilerId.obj 


Compilation of the C compiler identification source "CMakeCCompilerId.c" produced "CMakeCCompilerId.exe"

Compilation of the C compiler identification source "CMakeCCompilerId.c" produced "CMakeCCompilerId.obj"

The C compiler identification is MSVC, found in "C:/GameProjects/marczaku-gp20-2021-0524-nim-game-Haiyan18/HandIn Assignments/Nim Game/cmake-build-debug/CMakeFiles/3.19.2/CompilerIdC/CMakeCCompilerId.exe"

Compiling the CXX compiler identification source file "CMakeCXXCompilerId.cpp" succeeded.
Compiler: C:/Program Files (x86)/Microsoft Visual Studio/2019/Community/VC/Tools/MSVC/14.28.29910/bin/Hostx86/x86/cl.exe 
Build flags: 
Id flags:  

The output was:
0
Microsoft (R) C/C++ Optimizing Compiler Version 19.28.29915 for x86
Copyright (C) Microsoft Corporation.  All rights reserved.

CMakeCXXCompilerId.cpp
Microsoft (R) Incremental Linker Version 14.28.29915.0
Copyright (C) Microsoft Corporation.  All rights reserved.

/out:CMakeCXXCompilerId.exe 
CMakeCXXCompilerId.obj 


Compilation of the CXX compiler identification source "CMakeCXXCompilerId.cpp" produced "CMakeCXXCompilerId.exe"

Compilation of the CXX compiler identification source "CMakeCXXCompilerId.cpp" produced "CMakeCXXCompilerId.obj"

The CXX compiler identification is MSVC, found in "C:/GameProjects/marczaku-gp20-2021-0524-nim-game-Haiyan18/HandIn Assignments/Nim Game/cmake-build-debug/CMakeFiles/3.19.2/CompilerIdCXX/CMakeCXXCompilerId.exe"

Detecting C compiler ABI info compiled with the following output:
Change Dir: C:/GameProjects/marczaku-gp20-2021-0524-nim-game-Haiyan18/HandIn Assignments/Nim Game/cmake-build-debug/CMakeFiles/CMakeTmp

Run Build Command(s):nmake /nologo cmTC_aca40\fast && 	"C:\Program Files (x86)\Microsoft Visual Studio\2019\Community\VC\Tools\MSVC\14.28.29910\bin\HostX86\x86\nmake.exe"  -f CMakeFiles\cmTC_aca40.dir\build.make /nologo -L                  CMakeFiles\cmTC_aca40.dir\build
Building C object CMakeFiles/cmTC_aca40.dir/CMakeCCompilerABI.c.obj
	C:\PROGRA~2\MIB055~1\2019\Community\VC\Tools\MSVC\14.28.29910\bin\Hostx86\x86\cl.exe @C:\Users\haiya\AppData\Local\Temp\nm8C1F.tmp
CMakeCCompilerABI.c
Linking C executable cmTC_aca40.exe
	"C:\Program Files\JetBrains\CLion 2021.1.1\bin\cmake\win\bin\cmake.exe" -E vs_link_exe --intdir=CMakeFiles\cmTC_aca40.dir --rc="C:\PROGRA~2\Windows Kits\10\bin\10.0.19041.0\x86\rc.exe" --mt="C:\PROGRA~2\Windows Kits\10\bin\10.0.19041.0\x86\mt.exe" --manifests -- C:\PROGRA~2\MIB055~1\2019\Community\VC\Tools\MSVC\14.28.29910\bin\Hostx86\x86\link.exe /nologo @CMakeFiles\cmTC_aca40.dir\objects1.rsp @C:\Users\haiya\AppData\Local\Temp\nm8E14.tmp



Detecting CXX compiler ABI info compiled with the following output:
Change Dir: C:/GameProjects/marczaku-gp20-2021-0524-nim-game-Haiyan18/HandIn Assignments/Nim Game/cmake-build-debug/CMakeFiles/CMakeTmp

Run Build Command(s):nmake /nologo cmTC_d0e66\fast && 	"C:\Program Files (x86)\Microsoft Visual Studio\2019\Community\VC\Tools\MSVC\14.28.29910\bin\HostX86\x86\nmake.exe"  -f CMakeFiles\cmTC_d0e66.dir\build.make /nologo -L                  CMakeFiles\cmTC_d0e66.dir\build
Building CXX object CMakeFiles/cmTC_d0e66.dir/CMakeCXXCompilerABI.cpp.obj
	C:\PROGRA~2\MIB055~1\2019\Community\VC\Tools\MSVC\14.28.29910\bin\Hostx86\x86\cl.exe @C:\Users\haiya\AppData\Local\Temp\nm948B.tmp
CMakeCXXCompilerABI.cpp
Linking CXX executable cmTC_d0e66.exe
	"C:\Program Files\JetBrains\CLion 2021.1.1\bin\cmake\win\bin\cmake.exe" -E vs_link_exe --intdir=CMakeFiles\cmTC_d0e66.dir --rc="C:\PROGRA~2\Windows Kits\10\bin\10.0.19041.0\x86\rc.exe" --mt="C:\PROGRA~2\Windows Kits\10\bin\10.0.19041.0\x86\mt.exe" --manifests -- C:\PROGRA~2\MIB055~1\2019\Community\VC\Tools\MSVC\14.28.29910\bin\Hostx86\x86\link.exe /nologo @CMakeFiles\cmTC_d0e66.dir\objects1.rsp @C:\Users\haiya\AppData\Local\Temp\nm9576.tmp



